2009-08-20 00:13:28,756 [Worker-3] INFO  o.e.m.c.i.p.ProjectConfigurationManager - Collecting project info '/pom.xml' D:\kavithaproject2\collaborationbackend\pom.xml
2009-08-20 00:13:41,392 [Worker-3] INFO  o.e.m.c.i.l.LifecycleMappingFactory - Using org.maven.ide.eclipse.wtp.WarLifecycleMapping lifecycle mapping for MavenProject: com.niit:collaborationbackend:0.0.1-SNAPSHOT @ D:\kavithaproject2\collaborationbackend\pom.xml.
2009-08-20 00:13:45,519 [Worker-3] INFO  o.e.m.j.i.AbstractJavaProjectConfigurator - Adding source folder /collaborationbackend/src/main/java
2009-08-20 00:13:45,520 [Worker-3] INFO  o.e.m.j.i.AbstractJavaProjectConfigurator - Adding resource folder /collaborationbackend/src/main/resources
2009-08-20 00:13:45,522 [Worker-3] INFO  o.e.m.j.i.AbstractJavaProjectConfigurator - Adding source folder /collaborationbackend/src/test/java
2009-08-20 00:13:58,285 [Worker-3] INFO  o.e.m.c.i.p.ProjectConfigurationManager - Imported and configured 1 project(s) in 29 sec
2009-08-20 00:14:00,619 [Worker-9] WARN  o.e.m.c.i.embedder.EclipseLogger - Using platform encoding (Cp1252 actually) to copy filtered resources, i.e. build is platform dependent!
2009-08-20 00:14:00,787 [Worker-9] INFO  o.e.m.c.i.embedder.EclipseLogger - Copying 0 resource
2009-08-20 00:14:00,792 [Worker-9] WARN  o.e.m.c.i.embedder.EclipseLogger - Using platform encoding (Cp1252 actually) to copy filtered resources, i.e. build is platform dependent!
2009-08-20 00:14:00,794 [Worker-9] INFO  o.e.m.c.i.embedder.EclipseLogger - skip non existing resourceDirectory D:\kavithaproject2\collaborationbackend\src\test\resources
2009-08-20 00:14:04,790 [Worker-10] WARN  o.e.m.c.i.embedder.EclipseLogger - Using platform encoding (Cp1252 actually) to copy filtered resources, i.e. build is platform dependent!
2009-08-20 00:14:04,795 [Worker-10] INFO  o.e.m.c.i.embedder.EclipseLogger - Copying 0 resource
2009-08-20 00:14:04,798 [Worker-10] WARN  o.e.m.c.i.embedder.EclipseLogger - Using platform encoding (Cp1252 actually) to copy filtered resources, i.e. build is platform dependent!
2009-08-20 00:14:04,799 [Worker-10] INFO  o.e.m.c.i.embedder.EclipseLogger - skip non existing resourceDirectory D:\kavithaproject2\collaborationbackend\src\test\resources
2009-08-20 00:20:19,077 [Worker-11] WARN  o.e.m.c.i.embedder.EclipseLogger - Using platform encoding (Cp1252 actually) to copy filtered resources, i.e. build is platform dependent!
2009-08-20 00:20:19,096 [Worker-11] INFO  o.e.m.c.i.embedder.EclipseLogger - Copying 0 resource
2009-08-20 00:20:19,102 [Worker-11] WARN  o.e.m.c.i.embedder.EclipseLogger - Using platform encoding (Cp1252 actually) to copy filtered resources, i.e. build is platform dependent!
2009-08-20 00:20:19,103 [Worker-11] INFO  o.e.m.c.i.embedder.EclipseLogger - skip non existing resourceDirectory D:\kavithaproject2\collaborationbackend\src\test\resources
2009-08-20 00:54:32,768 [Worker-16] INFO  o.e.m.c.i.l.LifecycleMappingFactory - Using org.maven.ide.eclipse.wtp.WarLifecycleMapping lifecycle mapping for MavenProject: com.niit:collaborationbackend:0.0.1-SNAPSHOT @ D:\kavithaproject2\collaborationbackend\pom.xml.
2009-08-20 00:54:37,854 [Worker-16] WARN  o.e.m.c.i.embedder.EclipseLogger - Using platform encoding (Cp1252 actually) to copy filtered resources, i.e. build is platform dependent!
2009-08-20 00:54:37,861 [Worker-16] INFO  o.e.m.c.i.embedder.EclipseLogger - Copying 0 resource
2009-08-20 00:54:37,867 [Worker-16] WARN  o.e.m.c.i.embedder.EclipseLogger - Using platform encoding (Cp1252 actually) to copy filtered resources, i.e. build is platform dependent!
2009-08-20 00:54:37,869 [Worker-16] INFO  o.e.m.c.i.embedder.EclipseLogger - skip non existing resourceDirectory D:\kavithaproject2\collaborationbackend\src\test\resources
2009-08-20 00:54:37,870 [Worker-16] INFO  o.e.m.w.i.f.ResourceFilteringBuildParticipant - Changed resources require a complete clean of filtered resources of collaborationbackend
2009-08-20 00:54:37,872 [Worker-16] INFO  o.e.m.w.i.f.ResourceFilteringBuildParticipant - Executing resource filtering for collaborationbackend
2009-08-20 00:54:37,889 [Worker-16] WARN  o.e.m.c.i.embedder.EclipseLogger - Using platform encoding (Cp1252 actually) to copy filtered resources, i.e. build is platform dependent!
2009-08-20 00:54:39,686 [Worker-18] WARN  o.e.m.c.i.embedder.EclipseLogger - Using platform encoding (Cp1252 actually) to copy filtered resources, i.e. build is platform dependent!
2009-08-20 00:54:39,688 [Worker-18] INFO  o.e.m.c.i.embedder.EclipseLogger - Copying 0 resource
2009-08-20 00:54:39,692 [Worker-18] WARN  o.e.m.c.i.embedder.EclipseLogger - Using platform encoding (Cp1252 actually) to copy filtered resources, i.e. build is platform dependent!
2009-08-20 00:54:39,693 [Worker-18] INFO  o.e.m.c.i.embedder.EclipseLogger - skip non existing resourceDirectory D:\kavithaproject2\collaborationbackend\src\test\resources
2009-08-20 00:57:52,316 [Worker-22] WARN  o.e.m.c.i.embedder.EclipseLogger - Using platform encoding (Cp1252 actually) to copy filtered resources, i.e. build is platform dependent!
2009-08-20 00:57:52,319 [Worker-22] INFO  o.e.m.c.i.embedder.EclipseLogger - Copying 0 resource
2009-08-20 00:57:52,322 [Worker-22] WARN  o.e.m.c.i.embedder.EclipseLogger - Using platform encoding (Cp1252 actually) to copy filtered resources, i.e. build is platform dependent!
2009-08-20 00:57:52,324 [Worker-22] INFO  o.e.m.c.i.embedder.EclipseLogger - skip non existing resourceDirectory D:\kavithaproject2\collaborationbackend\src\test\resources
2009-08-20 00:58:25,310 [Worker-19] WARN  o.e.m.c.i.embedder.EclipseLogger - Using platform encoding (Cp1252 actually) to copy filtered resources, i.e. build is platform dependent!
2009-08-20 00:58:25,320 [Worker-19] INFO  o.e.m.c.i.embedder.EclipseLogger - Copying 0 resource
2009-08-20 00:58:25,324 [Worker-19] WARN  o.e.m.c.i.embedder.EclipseLogger - Using platform encoding (Cp1252 actually) to copy filtered resources, i.e. build is platform dependent!
2009-08-20 00:58:25,325 [Worker-19] INFO  o.e.m.c.i.embedder.EclipseLogger - skip non existing resourceDirectory D:\kavithaproject2\collaborationbackend\src\test\resources
2009-08-20 00:58:26,605 [Worker-23] WARN  o.e.m.c.i.embedder.EclipseLogger - Using platform encoding (Cp1252 actually) to copy filtered resources, i.e. build is platform dependent!
2009-08-20 00:58:26,606 [Worker-23] INFO  o.e.m.c.i.embedder.EclipseLogger - Copying 0 resource
2009-08-20 00:58:26,609 [Worker-23] WARN  o.e.m.c.i.embedder.EclipseLogger - Using platform encoding (Cp1252 actually) to copy filtered resources, i.e. build is platform dependent!
2009-08-20 00:58:26,611 [Worker-23] INFO  o.e.m.c.i.embedder.EclipseLogger - skip non existing resourceDirectory D:\kavithaproject2\collaborationbackend\src\test\resources
2009-08-20 00:59:13,223 [Worker-17] WARN  o.e.m.c.i.embedder.EclipseLogger - Using platform encoding (Cp1252 actually) to copy filtered resources, i.e. build is platform dependent!
2009-08-20 00:59:13,226 [Worker-17] INFO  o.e.m.c.i.embedder.EclipseLogger - Copying 0 resource
2009-08-20 00:59:13,230 [Worker-17] WARN  o.e.m.c.i.embedder.EclipseLogger - Using platform encoding (Cp1252 actually) to copy filtered resources, i.e. build is platform dependent!
2009-08-20 00:59:13,231 [Worker-17] INFO  o.e.m.c.i.embedder.EclipseLogger - skip non existing resourceDirectory D:\kavithaproject2\collaborationbackend\src\test\resources
2009-08-20 00:59:37,914 [Worker-17] WARN  o.e.m.c.i.embedder.EclipseLogger - Using platform encoding (Cp1252 actually) to copy filtered resources, i.e. build is platform dependent!
2009-08-20 00:59:37,919 [Worker-17] INFO  o.e.m.c.i.embedder.EclipseLogger - Copying 0 resource
2009-08-20 00:59:37,924 [Worker-17] WARN  o.e.m.c.i.embedder.EclipseLogger - Using platform encoding (Cp1252 actually) to copy filtered resources, i.e. build is platform dependent!
2009-08-20 00:59:37,926 [Worker-17] INFO  o.e.m.c.i.embedder.EclipseLogger - skip non existing resourceDirectory D:\kavithaproject2\collaborationbackend\src\test\resources
2009-08-20 01:00:03,537 [Worker-20] WARN  o.e.m.c.i.embedder.EclipseLogger - Using platform encoding (Cp1252 actually) to copy filtered resources, i.e. build is platform dependent!
2009-08-20 01:00:03,540 [Worker-20] INFO  o.e.m.c.i.embedder.EclipseLogger - Copying 0 resource
2009-08-20 01:00:03,544 [Worker-20] WARN  o.e.m.c.i.embedder.EclipseLogger - Using platform encoding (Cp1252 actually) to copy filtered resources, i.e. build is platform dependent!
2009-08-20 01:00:03,545 [Worker-20] INFO  o.e.m.c.i.embedder.EclipseLogger - skip non existing resourceDirectory D:\kavithaproject2\collaborationbackend\src\test\resources
2009-08-20 01:00:17,803 [Worker-19] WARN  o.e.m.c.i.embedder.EclipseLogger - Using platform encoding (Cp1252 actually) to copy filtered resources, i.e. build is platform dependent!
2009-08-20 01:00:17,806 [Worker-19] INFO  o.e.m.c.i.embedder.EclipseLogger - Copying 0 resource
2009-08-20 01:00:17,809 [Worker-19] WARN  o.e.m.c.i.embedder.EclipseLogger - Using platform encoding (Cp1252 actually) to copy filtered resources, i.e. build is platform dependent!
2009-08-20 01:00:17,810 [Worker-19] INFO  o.e.m.c.i.embedder.EclipseLogger - skip non existing resourceDirectory D:\kavithaproject2\collaborationbackend\src\test\resources
2009-08-20 01:00:52,425 [Worker-19] WARN  o.e.m.c.i.embedder.EclipseLogger - Using platform encoding (Cp1252 actually) to copy filtered resources, i.e. build is platform dependent!
2009-08-20 01:00:52,444 [Worker-19] INFO  o.e.m.c.i.embedder.EclipseLogger - Copying 0 resource
2009-08-20 01:00:52,449 [Worker-19] WARN  o.e.m.c.i.embedder.EclipseLogger - Using platform encoding (Cp1252 actually) to copy filtered resources, i.e. build is platform dependent!
2009-08-20 01:00:52,450 [Worker-19] INFO  o.e.m.c.i.embedder.EclipseLogger - skip non existing resourceDirectory D:\kavithaproject2\collaborationbackend\src\test\resources
2009-08-20 01:02:06,406 [Worker-19] WARN  o.e.m.c.i.embedder.EclipseLogger - Using platform encoding (Cp1252 actually) to copy filtered resources, i.e. build is platform dependent!
2009-08-20 01:02:06,408 [Worker-19] INFO  o.e.m.c.i.embedder.EclipseLogger - Copying 0 resource
2009-08-20 01:02:06,412 [Worker-19] WARN  o.e.m.c.i.embedder.EclipseLogger - Using platform encoding (Cp1252 actually) to copy filtered resources, i.e. build is platform dependent!
2009-08-20 01:02:06,413 [Worker-19] INFO  o.e.m.c.i.embedder.EclipseLogger - skip non existing resourceDirectory D:\kavithaproject2\collaborationbackend\src\test\resources
2009-08-20 01:03:07,771 [Worker-24] WARN  o.e.m.c.i.embedder.EclipseLogger - Using platform encoding (Cp1252 actually) to copy filtered resources, i.e. build is platform dependent!
2009-08-20 01:03:07,773 [Worker-24] INFO  o.e.m.c.i.embedder.EclipseLogger - Copying 0 resource
2009-08-20 01:03:07,776 [Worker-24] WARN  o.e.m.c.i.embedder.EclipseLogger - Using platform encoding (Cp1252 actually) to copy filtered resources, i.e. build is platform dependent!
2009-08-20 01:03:07,777 [Worker-24] INFO  o.e.m.c.i.embedder.EclipseLogger - skip non existing resourceDirectory D:\kavithaproject2\collaborationbackend\src\test\resources
2009-08-20 01:04:45,674 [Worker-25] WARN  o.e.m.c.i.embedder.EclipseLogger - Using platform encoding (Cp1252 actually) to copy filtered resources, i.e. build is platform dependent!
2009-08-20 01:04:45,687 [Worker-25] INFO  o.e.m.c.i.embedder.EclipseLogger - Copying 0 resource
2009-08-20 01:04:45,690 [Worker-25] WARN  o.e.m.c.i.embedder.EclipseLogger - Using platform encoding (Cp1252 actually) to copy filtered resources, i.e. build is platform dependent!
2009-08-20 01:04:45,691 [Worker-25] INFO  o.e.m.c.i.embedder.EclipseLogger - skip non existing resourceDirectory D:\kavithaproject2\collaborationbackend\src\test\resources
2009-08-20 01:09:10,736 [Worker-23] WARN  o.e.m.c.i.embedder.EclipseLogger - Using platform encoding (Cp1252 actually) to copy filtered resources, i.e. build is platform dependent!
2009-08-20 01:09:10,738 [Worker-23] INFO  o.e.m.c.i.embedder.EclipseLogger - Copying 0 resource
2009-08-20 01:09:10,741 [Worker-23] WARN  o.e.m.c.i.embedder.EclipseLogger - Using platform encoding (Cp1252 actually) to copy filtered resources, i.e. build is platform dependent!
2009-08-20 01:09:10,742 [Worker-23] INFO  o.e.m.c.i.embedder.EclipseLogger - skip non existing resourceDirectory D:\kavithaproject2\collaborationbackend\src\test\resources
2009-08-20 01:10:38,872 [Worker-18] WARN  o.e.m.c.i.embedder.EclipseLogger - Using platform encoding (Cp1252 actually) to copy filtered resources, i.e. build is platform dependent!
2009-08-20 01:10:38,873 [Worker-18] INFO  o.e.m.c.i.embedder.EclipseLogger - Copying 0 resource
2009-08-20 01:10:38,877 [Worker-18] WARN  o.e.m.c.i.embedder.EclipseLogger - Using platform encoding (Cp1252 actually) to copy filtered resources, i.e. build is platform dependent!
2009-08-20 01:10:38,878 [Worker-18] INFO  o.e.m.c.i.embedder.EclipseLogger - skip non existing resourceDirectory D:\kavithaproject2\collaborationbackend\src\test\resources
2009-08-20 01:24:52,854 [Worker-33] WARN  o.e.m.c.i.embedder.EclipseLogger - Using platform encoding (Cp1252 actually) to copy filtered resources, i.e. build is platform dependent!
2009-08-20 01:24:52,856 [Worker-33] INFO  o.e.m.c.i.embedder.EclipseLogger - Copying 0 resource
2009-08-20 01:24:52,861 [Worker-33] WARN  o.e.m.c.i.embedder.EclipseLogger - Using platform encoding (Cp1252 actually) to copy filtered resources, i.e. build is platform dependent!
2009-08-20 01:24:52,862 [Worker-33] INFO  o.e.m.c.i.embedder.EclipseLogger - skip non existing resourceDirectory D:\kavithaproject2\collaborationbackend\src\test\resources
2009-08-20 01:25:00,758 [Worker-18] WARN  o.e.m.c.i.embedder.EclipseLogger - Using platform encoding (Cp1252 actually) to copy filtered resources, i.e. build is platform dependent!
2009-08-20 01:25:00,764 [Worker-18] INFO  o.e.m.c.i.embedder.EclipseLogger - Copying 0 resource
2009-08-20 01:25:00,767 [Worker-18] WARN  o.e.m.c.i.embedder.EclipseLogger - Using platform encoding (Cp1252 actually) to copy filtered resources, i.e. build is platform dependent!
2009-08-20 01:25:00,768 [Worker-18] INFO  o.e.m.c.i.embedder.EclipseLogger - skip non existing resourceDirectory D:\kavithaproject2\collaborationbackend\src\test\resources
2009-08-20 01:25:40,930 [Worker-36] WARN  o.e.m.c.i.embedder.EclipseLogger - Using platform encoding (Cp1252 actually) to copy filtered resources, i.e. build is platform dependent!
2009-08-20 01:25:40,932 [Worker-36] INFO  o.e.m.c.i.embedder.EclipseLogger - Copying 0 resource
2009-08-20 01:25:40,935 [Worker-36] WARN  o.e.m.c.i.embedder.EclipseLogger - Using platform encoding (Cp1252 actually) to copy filtered resources, i.e. build is platform dependent!
2009-08-20 01:25:40,936 [Worker-36] INFO  o.e.m.c.i.embedder.EclipseLogger - skip non existing resourceDirectory D:\kavithaproject2\collaborationbackend\src\test\resources
2009-08-20 01:25:53,831 [Worker-35] WARN  o.e.m.c.i.embedder.EclipseLogger - Using platform encoding (Cp1252 actually) to copy filtered resources, i.e. build is platform dependent!
2009-08-20 01:25:53,833 [Worker-35] INFO  o.e.m.c.i.embedder.EclipseLogger - Copying 0 resource
2009-08-20 01:25:53,835 [Worker-35] WARN  o.e.m.c.i.embedder.EclipseLogger - Using platform encoding (Cp1252 actually) to copy filtered resources, i.e. build is platform dependent!
2009-08-20 01:25:53,836 [Worker-35] INFO  o.e.m.c.i.embedder.EclipseLogger - skip non existing resourceDirectory D:\kavithaproject2\collaborationbackend\src\test\resources
2009-08-20 01:26:53,880 [Worker-33] WARN  o.e.m.c.i.embedder.EclipseLogger - Using platform encoding (Cp1252 actually) to copy filtered resources, i.e. build is platform dependent!
2009-08-20 01:26:53,882 [Worker-33] INFO  o.e.m.c.i.embedder.EclipseLogger - Copying 0 resource
2009-08-20 01:26:53,887 [Worker-33] WARN  o.e.m.c.i.embedder.EclipseLogger - Using platform encoding (Cp1252 actually) to copy filtered resources, i.e. build is platform dependent!
2009-08-20 01:26:53,888 [Worker-33] INFO  o.e.m.c.i.embedder.EclipseLogger - skip non existing resourceDirectory D:\kavithaproject2\collaborationbackend\src\test\resources
2009-08-20 01:40:53,810 [Worker-35] WARN  o.e.m.c.i.embedder.EclipseLogger - Using platform encoding (Cp1252 actually) to copy filtered resources, i.e. build is platform dependent!
2009-08-20 01:40:53,812 [Worker-35] INFO  o.e.m.c.i.embedder.EclipseLogger - Copying 0 resource
2009-08-20 01:40:53,815 [Worker-35] WARN  o.e.m.c.i.embedder.EclipseLogger - Using platform encoding (Cp1252 actually) to copy filtered resources, i.e. build is platform dependent!
2009-08-20 01:40:53,817 [Worker-35] INFO  o.e.m.c.i.embedder.EclipseLogger - skip non existing resourceDirectory D:\kavithaproject2\collaborationbackend\src\test\resources
2009-08-20 01:41:28,128 [Worker-46] WARN  o.e.m.c.i.embedder.EclipseLogger - Using platform encoding (Cp1252 actually) to copy filtered resources, i.e. build is platform dependent!
2009-08-20 01:41:28,130 [Worker-46] INFO  o.e.m.c.i.embedder.EclipseLogger - Copying 0 resource
2009-08-20 01:41:28,132 [Worker-46] WARN  o.e.m.c.i.embedder.EclipseLogger - Using platform encoding (Cp1252 actually) to copy filtered resources, i.e. build is platform dependent!
2009-08-20 01:41:28,133 [Worker-46] INFO  o.e.m.c.i.embedder.EclipseLogger - skip non existing resourceDirectory D:\kavithaproject2\collaborationbackend\src\test\resources
2009-08-20 01:42:02,799 [Worker-44] WARN  o.e.m.c.i.embedder.EclipseLogger - Using platform encoding (Cp1252 actually) to copy filtered resources, i.e. build is platform dependent!
2009-08-20 01:42:02,800 [Worker-44] INFO  o.e.m.c.i.embedder.EclipseLogger - Copying 0 resource
2009-08-20 01:42:02,802 [Worker-44] WARN  o.e.m.c.i.embedder.EclipseLogger - Using platform encoding (Cp1252 actually) to copy filtered resources, i.e. build is platform dependent!
2009-08-20 01:42:02,803 [Worker-44] INFO  o.e.m.c.i.embedder.EclipseLogger - skip non existing resourceDirectory D:\kavithaproject2\collaborationbackend\src\test\resources
2009-08-20 01:42:14,008 [Worker-42] WARN  o.e.m.c.i.embedder.EclipseLogger - Using platform encoding (Cp1252 actually) to copy filtered resources, i.e. build is platform dependent!
2009-08-20 01:42:14,010 [Worker-42] INFO  o.e.m.c.i.embedder.EclipseLogger - Copying 0 resource
2009-08-20 01:42:14,026 [Worker-42] WARN  o.e.m.c.i.embedder.EclipseLogger - Using platform encoding (Cp1252 actually) to copy filtered resources, i.e. build is platform dependent!
2009-08-20 01:42:14,041 [Worker-42] INFO  o.e.m.c.i.embedder.EclipseLogger - skip non existing resourceDirectory D:\kavithaproject2\collaborationbackend\src\test\resources
2009-08-20 01:42:33,013 [Worker-35] WARN  o.e.m.c.i.embedder.EclipseLogger - Using platform encoding (Cp1252 actually) to copy filtered resources, i.e. build is platform dependent!
2009-08-20 01:42:33,015 [Worker-35] INFO  o.e.m.c.i.embedder.EclipseLogger - Copying 0 resource
2009-08-20 01:42:33,017 [Worker-35] WARN  o.e.m.c.i.embedder.EclipseLogger - Using platform encoding (Cp1252 actually) to copy filtered resources, i.e. build is platform dependent!
2009-08-20 01:42:33,018 [Worker-35] INFO  o.e.m.c.i.embedder.EclipseLogger - skip non existing resourceDirectory D:\kavithaproject2\collaborationbackend\src\test\resources
2009-08-20 01:43:45,875 [Worker-44] WARN  o.e.m.c.i.embedder.EclipseLogger - Using platform encoding (Cp1252 actually) to copy filtered resources, i.e. build is platform dependent!
2009-08-20 01:43:45,877 [Worker-44] INFO  o.e.m.c.i.embedder.EclipseLogger - Copying 0 resource
2009-08-20 01:43:45,879 [Worker-44] WARN  o.e.m.c.i.embedder.EclipseLogger - Using platform encoding (Cp1252 actually) to copy filtered resources, i.e. build is platform dependent!
2009-08-20 01:43:45,880 [Worker-44] INFO  o.e.m.c.i.embedder.EclipseLogger - skip non existing resourceDirectory D:\kavithaproject2\collaborationbackend\src\test\resources
2009-08-20 01:47:44,798 [Worker-45] WARN  o.e.m.c.i.embedder.EclipseLogger - Using platform encoding (Cp1252 actually) to copy filtered resources, i.e. build is platform dependent!
2009-08-20 01:47:44,800 [Worker-45] INFO  o.e.m.c.i.embedder.EclipseLogger - Copying 0 resource
2009-08-20 01:47:44,804 [Worker-45] WARN  o.e.m.c.i.embedder.EclipseLogger - Using platform encoding (Cp1252 actually) to copy filtered resources, i.e. build is platform dependent!
2009-08-20 01:47:44,805 [Worker-45] INFO  o.e.m.c.i.embedder.EclipseLogger - skip non existing resourceDirectory D:\kavithaproject2\collaborationbackend\src\test\resources
2009-08-20 01:47:52,099 [Worker-50] WARN  o.e.m.c.i.embedder.EclipseLogger - Using platform encoding (Cp1252 actually) to copy filtered resources, i.e. build is platform dependent!
2009-08-20 01:47:52,101 [Worker-50] INFO  o.e.m.c.i.embedder.EclipseLogger - Copying 0 resource
2009-08-20 01:47:52,103 [Worker-50] WARN  o.e.m.c.i.embedder.EclipseLogger - Using platform encoding (Cp1252 actually) to copy filtered resources, i.e. build is platform dependent!
2009-08-20 01:47:52,104 [Worker-50] INFO  o.e.m.c.i.embedder.EclipseLogger - skip non existing resourceDirectory D:\kavithaproject2\collaborationbackend\src\test\resources
2009-08-20 01:48:29,181 [Worker-49] WARN  o.e.m.c.i.embedder.EclipseLogger - Using platform encoding (Cp1252 actually) to copy filtered resources, i.e. build is platform dependent!
2009-08-20 01:48:29,187 [Worker-49] INFO  o.e.m.c.i.embedder.EclipseLogger - Copying 1 resource
2009-08-20 01:48:29,337 [Worker-49] WARN  o.e.m.c.i.embedder.EclipseLogger - Using platform encoding (Cp1252 actually) to copy filtered resources, i.e. build is platform dependent!
2009-08-20 01:48:29,338 [Worker-49] INFO  o.e.m.c.i.embedder.EclipseLogger - skip non existing resourceDirectory D:\kavithaproject2\collaborationbackend\src\test\resources
2009-08-20 01:48:39,255 [Worker-45] WARN  o.e.m.c.i.embedder.EclipseLogger - Using platform encoding (Cp1252 actually) to copy filtered resources, i.e. build is platform dependent!
2009-08-20 01:48:39,257 [Worker-45] INFO  o.e.m.c.i.embedder.EclipseLogger - Copying 1 resource
2009-08-20 01:48:39,261 [Worker-45] WARN  o.e.m.c.i.embedder.EclipseLogger - Using platform encoding (Cp1252 actually) to copy filtered resources, i.e. build is platform dependent!
2009-08-20 01:48:39,263 [Worker-45] INFO  o.e.m.c.i.embedder.EclipseLogger - skip non existing resourceDirectory D:\kavithaproject2\collaborationbackend\src\test\resources
2009-08-20 01:52:05,307 [Worker-49] INFO  o.e.m.c.i.l.LifecycleMappingFactory - Using org.maven.ide.eclipse.wtp.WarLifecycleMapping lifecycle mapping for MavenProject: com.niit:collaborationbackend:0.0.1-SNAPSHOT @ D:\kavithaproject2\collaborationbackend\pom.xml.
2009-08-20 01:52:08,025 [Worker-49] WARN  o.e.m.c.i.embedder.EclipseLogger - Using platform encoding (Cp1252 actually) to copy filtered resources, i.e. build is platform dependent!
2009-08-20 01:52:08,029 [Worker-49] INFO  o.e.m.c.i.embedder.EclipseLogger - Copying 0 resource
2009-08-20 01:52:08,033 [Worker-49] WARN  o.e.m.c.i.embedder.EclipseLogger - Using platform encoding (Cp1252 actually) to copy filtered resources, i.e. build is platform dependent!
2009-08-20 01:52:08,034 [Worker-49] INFO  o.e.m.c.i.embedder.EclipseLogger - skip non existing resourceDirectory D:\kavithaproject2\collaborationbackend\src\test\resources
2009-08-20 01:52:08,035 [Worker-49] INFO  o.e.m.w.i.f.ResourceFilteringBuildParticipant - Changed resources require a complete clean of filtered resources of collaborationbackend
2009-08-20 01:52:08,035 [Worker-49] INFO  o.e.m.w.i.f.ResourceFilteringBuildParticipant - Executing resource filtering for collaborationbackend
2009-08-20 01:52:08,043 [Worker-49] WARN  o.e.m.c.i.embedder.EclipseLogger - Using platform encoding (Cp1252 actually) to copy filtered resources, i.e. build is platform dependent!
2009-08-20 01:52:10,110 [Worker-52] WARN  o.e.m.c.i.embedder.EclipseLogger - Using platform encoding (Cp1252 actually) to copy filtered resources, i.e. build is platform dependent!
2009-08-20 01:52:10,114 [Worker-52] INFO  o.e.m.c.i.embedder.EclipseLogger - Copying 1 resource
2009-08-20 01:52:10,142 [Worker-52] WARN  o.e.m.c.i.embedder.EclipseLogger - Using platform encoding (Cp1252 actually) to copy filtered resources, i.e. build is platform dependent!
2009-08-20 01:52:10,143 [Worker-52] INFO  o.e.m.c.i.embedder.EclipseLogger - skip non existing resourceDirectory D:\kavithaproject2\collaborationbackend\src\test\resources
2009-08-20 02:09:51,834 [Worker-55] INFO  o.e.m.w.i.f.ResourceFilteringBuildParticipant - Cleaning filtered folder for collaborationbackend
2009-08-20 02:09:52,202 [Worker-46] WARN  o.e.m.c.i.embedder.EclipseLogger - Using platform encoding (Cp1252 actually) to copy filtered resources, i.e. build is platform dependent!
2009-08-20 02:09:52,204 [Worker-46] INFO  o.e.m.c.i.embedder.EclipseLogger - Copying 1 resource
2009-08-20 02:09:52,209 [Worker-46] WARN  o.e.m.c.i.embedder.EclipseLogger - Using platform encoding (Cp1252 actually) to copy filtered resources, i.e. build is platform dependent!
2009-08-20 02:09:52,211 [Worker-46] INFO  o.e.m.c.i.embedder.EclipseLogger - skip non existing resourceDirectory D:\kavithaproject2\collaborationbackend\src\test\resources
2009-08-20 02:09:52,212 [Worker-46] INFO  o.e.m.w.i.f.ResourceFilteringBuildParticipant - Changed resources require a complete clean of filtered resources of collaborationbackend
2009-08-20 02:09:52,212 [Worker-46] INFO  o.e.m.w.i.f.ResourceFilteringBuildParticipant - Executing resource filtering for collaborationbackend
2009-08-20 02:09:52,221 [Worker-46] WARN  o.e.m.c.i.embedder.EclipseLogger - Using platform encoding (Cp1252 actually) to copy filtered resources, i.e. build is platform dependent!
2009-08-20 02:15:50,591 [Worker-58] WARN  o.e.m.c.i.embedder.EclipseLogger - Using platform encoding (Cp1252 actually) to copy filtered resources, i.e. build is platform dependent!
2009-08-20 02:15:50,593 [Worker-58] INFO  o.e.m.c.i.embedder.EclipseLogger - Copying 0 resource
2009-08-20 02:15:50,595 [Worker-58] WARN  o.e.m.c.i.embedder.EclipseLogger - Using platform encoding (Cp1252 actually) to copy filtered resources, i.e. build is platform dependent!
2009-08-20 02:15:50,597 [Worker-58] INFO  o.e.m.c.i.embedder.EclipseLogger - skip non existing resourceDirectory D:\kavithaproject2\collaborationbackend\src\test\resources
2009-08-20 02:15:55,307 [Worker-59] WARN  o.e.m.c.i.embedder.EclipseLogger - Using platform encoding (Cp1252 actually) to copy filtered resources, i.e. build is platform dependent!
2009-08-20 02:15:55,308 [Worker-59] INFO  o.e.m.c.i.embedder.EclipseLogger - Copying 0 resource
2009-08-20 02:15:55,314 [Worker-59] WARN  o.e.m.c.i.embedder.EclipseLogger - Using platform encoding (Cp1252 actually) to copy filtered resources, i.e. build is platform dependent!
2009-08-20 02:15:55,316 [Worker-59] INFO  o.e.m.c.i.embedder.EclipseLogger - skip non existing resourceDirectory D:\kavithaproject2\collaborationbackend\src\test\resources
2009-08-20 02:17:07,200 [Worker-58] WARN  o.e.m.c.i.embedder.EclipseLogger - Using platform encoding (Cp1252 actually) to copy filtered resources, i.e. build is platform dependent!
2009-08-20 02:17:07,202 [Worker-58] INFO  o.e.m.c.i.embedder.EclipseLogger - Copying 1 resource
2009-08-20 02:17:07,210 [Worker-58] WARN  o.e.m.c.i.embedder.EclipseLogger - Using platform encoding (Cp1252 actually) to copy filtered resources, i.e. build is platform dependent!
2009-08-20 02:17:07,211 [Worker-58] INFO  o.e.m.c.i.embedder.EclipseLogger - skip non existing resourceDirectory D:\kavithaproject2\collaborationbackend\src\test\resources
2009-08-20 02:22:05,648 [Worker-46] WARN  o.e.m.c.i.embedder.EclipseLogger - Using platform encoding (Cp1252 actually) to copy filtered resources, i.e. build is platform dependent!
2009-08-20 02:22:05,652 [Worker-46] INFO  o.e.m.c.i.embedder.EclipseLogger - Copying 1 resource
2009-08-20 02:22:05,663 [Worker-46] WARN  o.e.m.c.i.embedder.EclipseLogger - Using platform encoding (Cp1252 actually) to copy filtered resources, i.e. build is platform dependent!
2009-08-20 02:22:05,664 [Worker-46] INFO  o.e.m.c.i.embedder.EclipseLogger - skip non existing resourceDirectory D:\kavithaproject2\collaborationbackend\src\test\resources
2009-08-20 02:23:03,862 [Worker-65] WARN  o.e.m.c.i.embedder.EclipseLogger - Using platform encoding (Cp1252 actually) to copy filtered resources, i.e. build is platform dependent!
2009-08-20 02:23:03,864 [Worker-65] INFO  o.e.m.c.i.embedder.EclipseLogger - Copying 1 resource
2009-08-20 02:23:03,866 [Worker-65] WARN  o.e.m.c.i.embedder.EclipseLogger - Using platform encoding (Cp1252 actually) to copy filtered resources, i.e. build is platform dependent!
2009-08-20 02:23:03,867 [Worker-65] INFO  o.e.m.c.i.embedder.EclipseLogger - skip non existing resourceDirectory D:\kavithaproject2\collaborationbackend\src\test\resources
2009-08-20 02:30:24,010 [Worker-68] WARN  o.e.m.c.i.embedder.EclipseLogger - Using platform encoding (Cp1252 actually) to copy filtered resources, i.e. build is platform dependent!
2009-08-20 02:30:24,013 [Worker-68] INFO  o.e.m.c.i.embedder.EclipseLogger - Copying 1 resource
2009-08-20 02:30:24,015 [Worker-68] WARN  o.e.m.c.i.embedder.EclipseLogger - Using platform encoding (Cp1252 actually) to copy filtered resources, i.e. build is platform dependent!
2009-08-20 02:30:24,016 [Worker-68] INFO  o.e.m.c.i.embedder.EclipseLogger - skip non existing resourceDirectory D:\kavithaproject2\collaborationbackend\src\test\resources
2009-08-20 02:31:53,045 [Worker-70] WARN  o.e.m.c.i.embedder.EclipseLogger - Using platform encoding (Cp1252 actually) to copy filtered resources, i.e. build is platform dependent!
2009-08-20 02:31:53,048 [Worker-70] INFO  o.e.m.c.i.embedder.EclipseLogger - Copying 1 resource
2009-08-20 02:31:53,050 [Worker-70] WARN  o.e.m.c.i.embedder.EclipseLogger - Using platform encoding (Cp1252 actually) to copy filtered resources, i.e. build is platform dependent!
2009-08-20 02:31:53,052 [Worker-70] INFO  o.e.m.c.i.embedder.EclipseLogger - skip non existing resourceDirectory D:\kavithaproject2\collaborationbackend\src\test\resources
2009-08-20 02:34:17,853 [Worker-72] WARN  o.e.m.c.i.embedder.EclipseLogger - Using platform encoding (Cp1252 actually) to copy filtered resources, i.e. build is platform dependent!
2009-08-20 02:34:17,855 [Worker-72] INFO  o.e.m.c.i.embedder.EclipseLogger - Copying 1 resource
2009-08-20 02:34:17,861 [Worker-72] WARN  o.e.m.c.i.embedder.EclipseLogger - Using platform encoding (Cp1252 actually) to copy filtered resources, i.e. build is platform dependent!
2009-08-20 02:34:17,862 [Worker-72] INFO  o.e.m.c.i.embedder.EclipseLogger - skip non existing resourceDirectory D:\kavithaproject2\collaborationbackend\src\test\resources
2009-08-20 02:43:31,609 [Worker-76] WARN  o.e.m.c.i.embedder.EclipseLogger - Using platform encoding (Cp1252 actually) to copy filtered resources, i.e. build is platform dependent!
2009-08-20 02:43:31,612 [Worker-76] INFO  o.e.m.c.i.embedder.EclipseLogger - Copying 1 resource
2009-08-20 02:43:31,614 [Worker-76] WARN  o.e.m.c.i.embedder.EclipseLogger - Using platform encoding (Cp1252 actually) to copy filtered resources, i.e. build is platform dependent!
2009-08-20 02:43:31,615 [Worker-76] INFO  o.e.m.c.i.embedder.EclipseLogger - skip non existing resourceDirectory D:\kavithaproject2\collaborationbackend\src\test\resources
2009-08-20 02:43:52,447 [Worker-46] WARN  o.e.m.c.i.embedder.EclipseLogger - Using platform encoding (Cp1252 actually) to copy filtered resources, i.e. build is platform dependent!
2009-08-20 02:43:52,449 [Worker-46] INFO  o.e.m.c.i.embedder.EclipseLogger - Copying 1 resource
2009-08-20 02:43:52,452 [Worker-46] WARN  o.e.m.c.i.embedder.EclipseLogger - Using platform encoding (Cp1252 actually) to copy filtered resources, i.e. build is platform dependent!
2009-08-20 02:43:52,453 [Worker-46] INFO  o.e.m.c.i.embedder.EclipseLogger - skip non existing resourceDirectory D:\kavithaproject2\collaborationbackend\src\test\resources
2009-08-20 02:45:56,464 [Worker-76] WARN  o.e.m.c.i.embedder.EclipseLogger - Using platform encoding (Cp1252 actually) to copy filtered resources, i.e. build is platform dependent!
2009-08-20 02:45:56,466 [Worker-76] INFO  o.e.m.c.i.embedder.EclipseLogger - Copying 1 resource
2009-08-20 02:45:56,504 [Worker-76] WARN  o.e.m.c.i.embedder.EclipseLogger - Using platform encoding (Cp1252 actually) to copy filtered resources, i.e. build is platform dependent!
2009-08-20 02:45:56,505 [Worker-76] INFO  o.e.m.c.i.embedder.EclipseLogger - skip non existing resourceDirectory D:\kavithaproject2\collaborationbackend\src\test\resources
2009-08-20 02:46:39,551 [Worker-76] WARN  o.e.m.c.i.embedder.EclipseLogger - Using platform encoding (Cp1252 actually) to copy filtered resources, i.e. build is platform dependent!
2009-08-20 02:46:39,554 [Worker-76] INFO  o.e.m.c.i.embedder.EclipseLogger - Copying 1 resource
2009-08-20 02:46:39,556 [Worker-76] WARN  o.e.m.c.i.embedder.EclipseLogger - Using platform encoding (Cp1252 actually) to copy filtered resources, i.e. build is platform dependent!
2009-08-20 02:46:39,557 [Worker-76] INFO  o.e.m.c.i.embedder.EclipseLogger - skip non existing resourceDirectory D:\kavithaproject2\collaborationbackend\src\test\resources
2009-08-20 02:53:19,981 [Worker-46] WARN  o.e.m.c.i.embedder.EclipseLogger - Using platform encoding (Cp1252 actually) to copy filtered resources, i.e. build is platform dependent!
2009-08-20 02:53:19,983 [Worker-46] INFO  o.e.m.c.i.embedder.EclipseLogger - Copying 1 resource
2009-08-20 02:53:19,986 [Worker-46] WARN  o.e.m.c.i.embedder.EclipseLogger - Using platform encoding (Cp1252 actually) to copy filtered resources, i.e. build is platform dependent!
2009-08-20 02:53:19,987 [Worker-46] INFO  o.e.m.c.i.embedder.EclipseLogger - skip non existing resourceDirectory D:\kavithaproject2\collaborationbackend\src\test\resources
2009-08-20 02:58:34,102 [Worker-84] WARN  o.e.m.c.i.embedder.EclipseLogger - Using platform encoding (Cp1252 actually) to copy filtered resources, i.e. build is platform dependent!
2009-08-20 02:58:34,104 [Worker-84] INFO  o.e.m.c.i.embedder.EclipseLogger - Copying 1 resource
2009-08-20 02:58:34,107 [Worker-84] WARN  o.e.m.c.i.embedder.EclipseLogger - Using platform encoding (Cp1252 actually) to copy filtered resources, i.e. build is platform dependent!
2009-08-20 02:58:34,108 [Worker-84] INFO  o.e.m.c.i.embedder.EclipseLogger - skip non existing resourceDirectory D:\kavithaproject2\collaborationbackend\src\test\resources
2009-08-20 03:02:54,845 [Worker-85] WARN  o.e.m.c.i.embedder.EclipseLogger - Using platform encoding (Cp1252 actually) to copy filtered resources, i.e. build is platform dependent!
2009-08-20 03:02:54,848 [Worker-85] INFO  o.e.m.c.i.embedder.EclipseLogger - Copying 1 resource
2009-08-20 03:02:54,850 [Worker-85] WARN  o.e.m.c.i.embedder.EclipseLogger - Using platform encoding (Cp1252 actually) to copy filtered resources, i.e. build is platform dependent!
2009-08-20 03:02:54,851 [Worker-85] INFO  o.e.m.c.i.embedder.EclipseLogger - skip non existing resourceDirectory D:\kavithaproject2\collaborationbackend\src\test\resources
2009-08-20 03:03:06,877 [Worker-89] WARN  o.e.m.c.i.embedder.EclipseLogger - Using platform encoding (Cp1252 actually) to copy filtered resources, i.e. build is platform dependent!
2009-08-20 03:03:06,879 [Worker-89] INFO  o.e.m.c.i.embedder.EclipseLogger - Copying 1 resource
2009-08-20 03:03:06,883 [Worker-89] WARN  o.e.m.c.i.embedder.EclipseLogger - Using platform encoding (Cp1252 actually) to copy filtered resources, i.e. build is platform dependent!
2009-08-20 03:03:06,884 [Worker-89] INFO  o.e.m.c.i.embedder.EclipseLogger - skip non existing resourceDirectory D:\kavithaproject2\collaborationbackend\src\test\resources
2009-08-20 03:04:11,216 [Worker-89] WARN  o.e.m.c.i.embedder.EclipseLogger - Using platform encoding (Cp1252 actually) to copy filtered resources, i.e. build is platform dependent!
2009-08-20 03:04:11,219 [Worker-89] INFO  o.e.m.c.i.embedder.EclipseLogger - Copying 1 resource
2009-08-20 03:04:11,221 [Worker-89] WARN  o.e.m.c.i.embedder.EclipseLogger - Using platform encoding (Cp1252 actually) to copy filtered resources, i.e. build is platform dependent!
2009-08-20 03:04:11,222 [Worker-89] INFO  o.e.m.c.i.embedder.EclipseLogger - skip non existing resourceDirectory D:\kavithaproject2\collaborationbackend\src\test\resources
2009-08-20 03:04:59,521 [Worker-85] WARN  o.e.m.c.i.embedder.EclipseLogger - Using platform encoding (Cp1252 actually) to copy filtered resources, i.e. build is platform dependent!
2009-08-20 03:04:59,525 [Worker-85] INFO  o.e.m.c.i.embedder.EclipseLogger - Copying 1 resource
2009-08-20 03:04:59,527 [Worker-85] WARN  o.e.m.c.i.embedder.EclipseLogger - Using platform encoding (Cp1252 actually) to copy filtered resources, i.e. build is platform dependent!
2009-08-20 03:04:59,528 [Worker-85] INFO  o.e.m.c.i.embedder.EclipseLogger - skip non existing resourceDirectory D:\kavithaproject2\collaborationbackend\src\test\resources
2009-08-20 03:05:25,877 [Worker-89] WARN  o.e.m.c.i.embedder.EclipseLogger - Using platform encoding (Cp1252 actually) to copy filtered resources, i.e. build is platform dependent!
2009-08-20 03:05:25,880 [Worker-89] INFO  o.e.m.c.i.embedder.EclipseLogger - Copying 1 resource
2009-08-20 03:05:25,882 [Worker-89] WARN  o.e.m.c.i.embedder.EclipseLogger - Using platform encoding (Cp1252 actually) to copy filtered resources, i.e. build is platform dependent!
2009-08-20 03:05:25,883 [Worker-89] INFO  o.e.m.c.i.embedder.EclipseLogger - skip non existing resourceDirectory D:\kavithaproject2\collaborationbackend\src\test\resources
2009-08-20 03:10:58,667 [Worker-70] WARN  o.e.m.c.i.embedder.EclipseLogger - Using platform encoding (Cp1252 actually) to copy filtered resources, i.e. build is platform dependent!
2009-08-20 03:10:58,682 [Worker-70] INFO  o.e.m.c.i.embedder.EclipseLogger - Copying 1 resource
2009-08-20 03:10:58,684 [Worker-70] WARN  o.e.m.c.i.embedder.EclipseLogger - Using platform encoding (Cp1252 actually) to copy filtered resources, i.e. build is platform dependent!
2009-08-20 03:10:58,684 [Worker-70] INFO  o.e.m.c.i.embedder.EclipseLogger - skip non existing resourceDirectory D:\kavithaproject2\collaborationbackend\src\test\resources
2009-08-20 03:15:39,234 [Worker-92] WARN  o.e.m.c.i.embedder.EclipseLogger - Using platform encoding (Cp1252 actually) to copy filtered resources, i.e. build is platform dependent!
2009-08-20 03:15:39,389 [Worker-92] INFO  o.e.m.c.i.embedder.EclipseLogger - Copying 0 resource
2009-08-20 03:15:39,391 [Worker-92] WARN  o.e.m.c.i.embedder.EclipseLogger - Using platform encoding (Cp1252 actually) to copy filtered resources, i.e. build is platform dependent!
2009-08-20 03:15:39,397 [Worker-92] INFO  o.e.m.c.i.embedder.EclipseLogger - skip non existing resourceDirectory D:\kavithaproject2\collaborationbackend\src\test\resources
2009-08-20 03:19:48,603 [Worker-97] WARN  o.e.m.c.i.embedder.EclipseLogger - Using platform encoding (Cp1252 actually) to copy filtered resources, i.e. build is platform dependent!
2009-08-20 03:19:48,677 [Worker-97] INFO  o.e.m.c.i.embedder.EclipseLogger - Copying 1 resource
2009-08-20 03:19:48,679 [Worker-97] WARN  o.e.m.c.i.embedder.EclipseLogger - Using platform encoding (Cp1252 actually) to copy filtered resources, i.e. build is platform dependent!
2009-08-20 03:19:48,681 [Worker-97] INFO  o.e.m.c.i.embedder.EclipseLogger - skip non existing resourceDirectory D:\kavithaproject2\collaborationbackend\src\test\resources
